2024-11-04 11:31:53,665 - ERROR - Error in game loop: LocationManager.get_location_description() takes 1 positional argument but 2 were given
2024-11-04 11:32:07,954 - ERROR - Error in game loop: LocationManager.get_location_description() takes 1 positional argument but 2 were given
2024-11-04 13:09:12,532 - ERROR - Error processing command 'take all': ItemManager.take_item() missing 1 required positional argument: 'game_state'
2024-11-04 13:09:20,027 - ERROR - Error processing command 'take badge': ItemManager.take_item() missing 1 required positional argument: 'game_state'
2024-11-04 13:09:46,535 - ERROR - Error processing command 'take badge': ItemManager.take_item() missing 1 required positional argument: 'game_state'
2024-11-04 13:09:53,725 - ERROR - Error processing command 'go outside': LocationManager.move_to_location() takes 3 positional arguments but 4 were given
2024-11-04 13:10:22,817 - INFO - Game session ended normally
2024-11-04 15:22:46,480 - ERROR - Error processing command 'examine badge': ItemManager.examine_item() missing 1 required positional argument: 'game_state'
2024-11-04 15:23:04,900 - ERROR - Error processing command 'go outside': 'pike_place'
2024-11-04 15:23:04,901 - ERROR - Error in game loop: 'pike_place'
2024-11-04 15:32:36,385 - ERROR - Error processing command 'examine badge': ItemManager.examine_item() missing 1 required positional argument: 'game_state'
2024-11-04 15:32:43,753 - ERROR - Error processing command 'go outside': 'pike_place'
2024-11-04 15:32:43,754 - ERROR - Error in game loop: 'pike_place'
2024-11-04 15:41:47,713 - ERROR - Error processing command 'go outside': 'pike_place'
2024-11-04 15:41:47,714 - ERROR - Error in game loop: 'pike_place'
2024-11-04 15:49:48,323 - ERROR - Error in game loop: 'pike_place'
2024-11-04 15:49:55,076 - INFO - Game session ended normally
2024-11-04 15:53:01,441 - ERROR - Error processing command 'use apple': ItemManager.use_item() takes 3 positional arguments but 4 were given
2024-11-04 16:09:08,640 - INFO - Game session ended normally
2024-11-04 16:11:50,648 - INFO - Game session ended normally
2024-11-04 16:24:19,481 - INFO - Game session ended normally
2024-11-04 19:05:26,378 - ERROR - Critical error: 'SeattleNoir' object has no attribute 'play'
2024-11-04 19:38:05,917 - INFO - Game session ended normally
2024-11-04 20:29:32,645 - INFO - Game session ended normally
